<?xml version='1.0' encoding='UTF-8'?>
<buildlog>
  <outpath>.</outpath>
  <operation>
    <module>lbuild</module>
    <source>buildlog.xml.in</source>
    <destination>project.xml.log</destination>
  </operation>
  <operation>
    <module>modm:architecture</module>
    <source>../../../../taproot/modm/src/modm/architecture/architecture.hpp</source>
    <destination>modm/src/modm/architecture.hpp</destination>
    <time>63.804 ms</time>
  </operation>
  <operation>
    <module>modm:architecture</module>
    <source>../../../../taproot/modm/src/modm/architecture/detect.hpp</source>
    <destination>modm/src/modm/architecture/detect.hpp</destination>
    <time>79.158 ms</time>
  </operation>
  <operation>
    <module>modm:architecture</module>
    <source>../../../../taproot/modm/src/modm/architecture/interface.hpp.in</source>
    <destination>modm/src/modm/architecture/interface.hpp</destination>
    <time>35.450 ms</time>
  </operation>
  <operation>
    <module>modm:architecture</module>
    <source>../../../../taproot/modm/src/modm/architecture/interface/peripheral.hpp</source>
    <destination>modm/src/modm/architecture/interface/peripheral.hpp</destination>
    <time>103.559 ms</time>
  </operation>
  <operation>
    <module>modm:architecture</module>
    <source>../../../../taproot/modm/src/modm/architecture/utils.hpp</source>
    <destination>modm/src/modm/architecture/utils.hpp</destination>
    <time>86.133 ms</time>
  </operation>
  <operation>
    <module>modm:architecture:accessor</module>
    <source>../../../../taproot/modm/src/modm/architecture/interface/accessor.hpp</source>
    <destination>modm/src/modm/architecture/interface/accessor.hpp</destination>
    <time>87.262 ms</time>
  </operation>
  <operation>
    <module>modm:architecture:accessor</module>
    <source>../../../../taproot/modm/src/modm/architecture/interface/accessor_flash.hpp</source>
    <destination>modm/src/modm/architecture/interface/accessor_flash.hpp</destination>
    <time>85.388 ms</time>
  </operation>
  <operation>
    <module>modm:architecture:accessor</module>
    <source>../../../../taproot/modm/src/modm/architecture/interface/accessor_ram.hpp</source>
    <destination>modm/src/modm/architecture/interface/accessor_ram.hpp</destination>
    <time>88.566 ms</time>
  </operation>
  <operation>
    <module>modm:architecture:assert</module>
    <source>../../../../taproot/modm/src/modm/architecture/interface/assert.h.in</source>
    <destination>modm/src/modm/architecture/interface/assert.h</destination>
    <time>40.967 ms</time>
  </operation>
  <operation>
    <module>modm:architecture:assert</module>
    <source>../../../../taproot/modm/src/modm/architecture/interface/assert.hpp.in</source>
    <destination>modm/src/modm/architecture/interface/assert.hpp</destination>
    <time>34.997 ms</time>
  </operation>
  <operation>
    <module>modm:architecture:atomic</module>
    <source>../../../../taproot/modm/src/modm/architecture/driver/atomic.hpp</source>
    <destination>modm/src/modm/architecture/driver/atomic.hpp</destination>
    <time>84.679 ms</time>
  </operation>
  <operation>
    <module>modm:architecture:atomic</module>
    <source>../../../../taproot/modm/src/modm/architecture/driver/atomic/container.hpp</source>
    <destination>modm/src/modm/architecture/driver/atomic/container.hpp</destination>
    <time>106.773 ms</time>
  </operation>
  <operation>
    <module>modm:architecture:atomic</module>
    <source>../../../../taproot/modm/src/modm/architecture/driver/atomic/flag.cpp</source>
    <destination>modm/src/modm/architecture/driver/atomic/flag.cpp</destination>
    <time>86.013 ms</time>
  </operation>
  <operation>
    <module>modm:architecture:atomic</module>
    <source>../../../../taproot/modm/src/modm/architecture/driver/atomic/flag.hpp</source>
    <destination>modm/src/modm/architecture/driver/atomic/flag.hpp</destination>
    <time>97.708 ms</time>
  </operation>
  <operation>
    <module>modm:architecture:atomic</module>
    <source>../../../../taproot/modm/src/modm/architecture/driver/atomic/queue.hpp</source>
    <destination>modm/src/modm/architecture/driver/atomic/queue.hpp</destination>
    <time>97.247 ms</time>
  </operation>
  <operation>
    <module>modm:architecture:atomic</module>
    <source>../../../../taproot/modm/src/modm/architecture/driver/atomic/queue_impl.hpp</source>
    <destination>modm/src/modm/architecture/driver/atomic/queue_impl.hpp</destination>
    <time>91.728 ms</time>
  </operation>
  <operation>
    <module>modm:architecture:atomic</module>
    <source>../../../../taproot/modm/src/modm/architecture/interface/atomic_lock.hpp</source>
    <destination>modm/src/modm/architecture/interface/atomic_lock.hpp</destination>
    <time>102.799 ms</time>
  </operation>
  <operation>
    <module>modm:architecture:can</module>
    <source>../../../../taproot/modm/src/modm/architecture/interface/can.cpp</source>
    <destination>modm/src/modm/architecture/interface/can.cpp</destination>
    <time>95.031 ms</time>
  </operation>
  <operation>
    <module>modm:architecture:can</module>
    <source>../../../../taproot/modm/src/modm/architecture/interface/can.hpp</source>
    <destination>modm/src/modm/architecture/interface/can.hpp</destination>
    <time>84.612 ms</time>
  </operation>
  <operation>
    <module>modm:architecture:can</module>
    <source>../../../../taproot/modm/src/modm/architecture/interface/can_filter.hpp</source>
    <destination>modm/src/modm/architecture/interface/can_filter.hpp</destination>
    <time>93.808 ms</time>
  </operation>
  <operation>
    <module>modm:architecture:can</module>
    <source>../../../../taproot/modm/src/modm/architecture/interface/can_message.hpp</source>
    <destination>modm/src/modm/architecture/interface/can_message.hpp</destination>
    <time>97.648 ms</time>
  </operation>
  <operation>
    <module>modm:architecture:clock</module>
    <source>../../../../taproot/modm/src/modm/architecture/interface/clock.hpp</source>
    <destination>modm/src/modm/architecture/interface/clock.hpp</destination>
    <time>84.727 ms</time>
  </operation>
  <operation>
    <module>modm:architecture:delay</module>
    <source>../../../../taproot/modm/src/modm/architecture/interface/delay.hpp</source>
    <destination>modm/src/modm/architecture/interface/delay.hpp</destination>
    <time>86.016 ms</time>
  </operation>
  <operation>
    <module>modm:architecture:memory</module>
    <source>../../../../taproot/modm/src/modm/architecture/interface/memory.hpp</source>
    <destination>modm/src/modm/architecture/interface/memory.hpp</destination>
    <time>123.962 ms</time>
  </operation>
  <operation>
    <module>modm:architecture:register</module>
    <source>../../../../taproot/modm/src/modm/architecture/interface/register.hpp</source>
    <destination>modm/src/modm/architecture/interface/register.hpp</destination>
    <time>87.587 ms</time>
  </operation>
  <operation>
    <module>modm:build</module>
    <source>../../../../taproot/modm/tools/modm_tools/__init__.py.in</source>
    <destination>modm/modm_tools/__init__.py</destination>
    <time>27.538 ms</time>
  </operation>
  <operation>
    <module>modm:build</module>
    <source>../../../../taproot/modm/tools/modm_tools/find_files.py</source>
    <destination>modm/modm_tools/find_files.py</destination>
    <time>49.463 ms</time>
  </operation>
  <operation>
    <module>modm:build</module>
    <source>../../../../taproot/modm/tools/modm_tools/utils.py</source>
    <destination>modm/modm_tools/utils.py</destination>
    <time>50.459 ms</time>
  </operation>
  <operation>
    <module>modm:build:scons</module>
    <source>../../../../taproot/modm/tools/build_script_generator/scons/resources/SConscript.in</source>
    <destination>modm/SConscript</destination>
    <time>90.361 ms</time>
  </operation>
  <operation>
    <module>modm:build:scons</module>
    <source>../../../../taproot/modm/tools/build_script_generator/scons/resources/build_target.py.in</source>
    <destination>modm/scons/site_tools/build_target.py</destination>
    <time>51.569 ms</time>
  </operation>
  <operation>
    <module>modm:build:scons</module>
    <source>../../../../taproot/modm/tools/build_script_generator/scons/site_tools/comstr.py</source>
    <destination>modm/scons/site_tools/comstr.py</destination>
    <time>85.677 ms</time>
  </operation>
  <operation>
    <module>modm:build:scons</module>
    <source>../../../../taproot/modm/tools/build_script_generator/scons/site_tools/find_files.py</source>
    <destination>modm/scons/site_tools/find_files.py</destination>
    <time>88.706 ms</time>
  </operation>
  <operation>
    <module>modm:build:scons</module>
    <source>../../../../taproot/modm/tools/build_script_generator/scons/site_tools/gcc_retarget.py</source>
    <destination>modm/scons/site_tools/gcc_retarget.py</destination>
    <time>84.718 ms</time>
  </operation>
  <operation>
    <module>modm:build:scons</module>
    <source>../../../../taproot/modm/tools/build_script_generator/scons/site_tools/qtcreator.py</source>
    <destination>modm/scons/site_tools/qtcreator.py</destination>
    <time>81.995 ms</time>
  </operation>
  <operation>
    <module>modm:build:scons</module>
    <source>../../../../taproot/modm/tools/build_script_generator/scons/site_tools/qtcreator/project.config.in</source>
    <destination>modm/scons/site_tools/qtcreator/project.config.in</destination>
    <time>84.786 ms</time>
  </operation>
  <operation>
    <module>modm:build:scons</module>
    <source>../../../../taproot/modm/tools/build_script_generator/scons/site_tools/qtcreator/project.creator.in</source>
    <destination>modm/scons/site_tools/qtcreator/project.creator.in</destination>
    <time>77.713 ms</time>
  </operation>
  <operation>
    <module>modm:build:scons</module>
    <source>../../../../taproot/modm/tools/build_script_generator/scons/site_tools/qtcreator/project.files.in</source>
    <destination>modm/scons/site_tools/qtcreator/project.files.in</destination>
    <time>94.958 ms</time>
  </operation>
  <operation>
    <module>modm:build:scons</module>
    <source>../../../../taproot/modm/tools/build_script_generator/scons/site_tools/qtcreator/project.includes.in</source>
    <destination>modm/scons/site_tools/qtcreator/project.includes.in</destination>
    <time>89.477 ms</time>
  </operation>
  <operation>
    <module>modm:build:scons</module>
    <source>../../../../taproot/modm/tools/build_script_generator/scons/site_tools/template.py</source>
    <destination>modm/scons/site_tools/template.py</destination>
    <time>93.327 ms</time>
  </operation>
  <operation>
    <module>modm:build:scons</module>
    <source>../../../../taproot/modm/tools/build_script_generator/scons/site_tools/utils.py</source>
    <destination>modm/scons/site_tools/utils.py</destination>
    <time>95.856 ms</time>
  </operation>
  <operation>
    <module>modm:build:scons</module>
    <source>../../../../taproot/modm/tools/build_script_generator/scons/site_tools/utils_buildpath.py</source>
    <destination>modm/scons/site_tools/utils_buildpath.py</destination>
    <time>85.562 ms</time>
  </operation>
  <operation>
    <module>modm:communication:xpcc</module>
    <source>../../../../taproot/modm/src/modm/communication/xpcc.hpp</source>
    <destination>modm/src/modm/communication/xpcc.hpp</destination>
    <time>73.115 ms</time>
  </operation>
  <operation>
    <module>modm:communication:xpcc</module>
    <source>../../../../taproot/modm/src/modm/communication/xpcc/abstract_component.hpp</source>
    <destination>modm/src/modm/communication/xpcc/abstract_component.hpp</destination>
    <time>105.359 ms</time>
  </operation>
  <operation>
    <module>modm:communication:xpcc</module>
    <source>../../../../taproot/modm/src/modm/communication/xpcc/abstract_component_impl.hpp</source>
    <destination>modm/src/modm/communication/xpcc/abstract_component_impl.hpp</destination>
    <time>90.053 ms</time>
  </operation>
  <operation>
    <module>modm:communication:xpcc</module>
    <source>../../../../taproot/modm/src/modm/communication/xpcc/backend/backend_interface.hpp</source>
    <destination>modm/src/modm/communication/xpcc/backend/backend_interface.hpp</destination>
    <time>108.684 ms</time>
  </operation>
  <operation>
    <module>modm:communication:xpcc</module>
    <source>../../../../taproot/modm/src/modm/communication/xpcc/backend/can.hpp</source>
    <destination>modm/src/modm/communication/xpcc/backend/can.hpp</destination>
    <time>104.273 ms</time>
  </operation>
  <operation>
    <module>modm:communication:xpcc</module>
    <source>../../../../taproot/modm/src/modm/communication/xpcc/backend/can/connector.cpp</source>
    <destination>modm/src/modm/communication/xpcc/backend/can/connector.cpp</destination>
    <time>131.684 ms</time>
  </operation>
  <operation>
    <module>modm:communication:xpcc</module>
    <source>../../../../taproot/modm/src/modm/communication/xpcc/backend/can/connector.hpp</source>
    <destination>modm/src/modm/communication/xpcc/backend/can/connector.hpp</destination>
    <time>105.065 ms</time>
  </operation>
  <operation>
    <module>modm:communication:xpcc</module>
    <source>../../../../taproot/modm/src/modm/communication/xpcc/backend/can/connector_impl.hpp</source>
    <destination>modm/src/modm/communication/xpcc/backend/can/connector_impl.hpp</destination>
    <time>111.811 ms</time>
  </operation>
  <operation>
    <module>modm:communication:xpcc</module>
    <source>../../../../taproot/modm/src/modm/communication/xpcc/backend/header.cpp</source>
    <destination>modm/src/modm/communication/xpcc/backend/header.cpp</destination>
    <time>102.433 ms</time>
  </operation>
  <operation>
    <module>modm:communication:xpcc</module>
    <source>../../../../taproot/modm/src/modm/communication/xpcc/backend/header.hpp</source>
    <destination>modm/src/modm/communication/xpcc/backend/header.hpp</destination>
    <time>111.032 ms</time>
  </operation>
  <operation>
    <module>modm:communication:xpcc</module>
    <source>../../../../taproot/modm/src/modm/communication/xpcc/communicatable.hpp</source>
    <destination>modm/src/modm/communication/xpcc/communicatable.hpp</destination>
    <time>93.978 ms</time>
  </operation>
  <operation>
    <module>modm:communication:xpcc</module>
    <source>../../../../taproot/modm/src/modm/communication/xpcc/communicatable_task.hpp</source>
    <destination>modm/src/modm/communication/xpcc/communicatable_task.hpp</destination>
    <time>84.522 ms</time>
  </operation>
  <operation>
    <module>modm:communication:xpcc</module>
    <source>../../../../taproot/modm/src/modm/communication/xpcc/communicator.cpp</source>
    <destination>modm/src/modm/communication/xpcc/communicator.cpp</destination>
    <time>85.291 ms</time>
  </operation>
  <operation>
    <module>modm:communication:xpcc</module>
    <source>../../../../taproot/modm/src/modm/communication/xpcc/communicator.hpp</source>
    <destination>modm/src/modm/communication/xpcc/communicator.hpp</destination>
    <time>84.155 ms</time>
  </operation>
  <operation>
    <module>modm:communication:xpcc</module>
    <source>../../../../taproot/modm/src/modm/communication/xpcc/communicator_impl.hpp</source>
    <destination>modm/src/modm/communication/xpcc/communicator_impl.hpp</destination>
    <time>90.284 ms</time>
  </operation>
  <operation>
    <module>modm:communication:xpcc</module>
    <source>../../../../taproot/modm/src/modm/communication/xpcc/dispatcher.cpp</source>
    <destination>modm/src/modm/communication/xpcc/dispatcher.cpp</destination>
    <time>82.678 ms</time>
  </operation>
  <operation>
    <module>modm:communication:xpcc</module>
    <source>../../../../taproot/modm/src/modm/communication/xpcc/dispatcher.hpp.in</source>
    <destination>modm/src/modm/communication/xpcc/dispatcher.hpp</destination>
    <time>39.896 ms</time>
  </operation>
  <operation>
    <module>modm:communication:xpcc</module>
    <source>../../../../taproot/modm/src/modm/communication/xpcc/postman/dynamic_postman.hpp</source>
    <destination>modm/src/modm/communication/xpcc/postman/dynamic_postman.hpp</destination>
    <time>94.670 ms</time>
  </operation>
  <operation>
    <module>modm:communication:xpcc</module>
    <source>../../../../taproot/modm/src/modm/communication/xpcc/postman/dynamic_postman/dynamic_postman.cpp</source>
    <destination>modm/src/modm/communication/xpcc/postman/dynamic_postman/dynamic_postman.cpp</destination>
    <time>129.450 ms</time>
  </operation>
  <operation>
    <module>modm:communication:xpcc</module>
    <source>../../../../taproot/modm/src/modm/communication/xpcc/postman/dynamic_postman_impl.hpp</source>
    <destination>modm/src/modm/communication/xpcc/postman/dynamic_postman_impl.hpp</destination>
    <time>101.089 ms</time>
  </operation>
  <operation>
    <module>modm:communication:xpcc</module>
    <source>../../../../taproot/modm/src/modm/communication/xpcc/postman/postman.cpp</source>
    <destination>modm/src/modm/communication/xpcc/postman/postman.cpp</destination>
    <time>92.999 ms</time>
  </operation>
  <operation>
    <module>modm:communication:xpcc</module>
    <source>../../../../taproot/modm/src/modm/communication/xpcc/postman/postman.hpp</source>
    <destination>modm/src/modm/communication/xpcc/postman/postman.hpp</destination>
    <time>91.897 ms</time>
  </operation>
  <operation>
    <module>modm:communication:xpcc</module>
    <source>../../../../taproot/modm/src/modm/communication/xpcc/postman/response.hpp</source>
    <destination>modm/src/modm/communication/xpcc/postman/response.hpp</destination>
    <time>84.282 ms</time>
  </operation>
  <operation>
    <module>modm:communication:xpcc</module>
    <source>../../../../taproot/modm/src/modm/communication/xpcc/response_callback.hpp</source>
    <destination>modm/src/modm/communication/xpcc/response_callback.hpp</destination>
    <time>77.275 ms</time>
  </operation>
  <operation>
    <module>modm:communication:xpcc</module>
    <source>../../../../taproot/modm/src/modm/communication/xpcc/response_handle.hpp</source>
    <destination>modm/src/modm/communication/xpcc/response_handle.hpp</destination>
    <time>95.361 ms</time>
  </operation>
  <operation>
    <module>modm:container</module>
    <source>../../../../taproot/modm/src/modm/container/container.hpp</source>
    <destination>modm/src/modm/container.hpp</destination>
    <time>63.148 ms</time>
  </operation>
  <operation>
    <module>modm:container</module>
    <source>../../../../taproot/modm/src/modm/container/deque.hpp</source>
    <destination>modm/src/modm/container/deque.hpp</destination>
    <time>73.578 ms</time>
  </operation>
  <operation>
    <module>modm:container</module>
    <source>../../../../taproot/modm/src/modm/container/deque_impl.hpp</source>
    <destination>modm/src/modm/container/deque_impl.hpp</destination>
    <time>72.178 ms</time>
  </operation>
  <operation>
    <module>modm:container</module>
    <source>../../../../taproot/modm/src/modm/container/doubly_linked_list.hpp</source>
    <destination>modm/src/modm/container/doubly_linked_list.hpp</destination>
    <time>69.094 ms</time>
  </operation>
  <operation>
    <module>modm:container</module>
    <source>../../../../taproot/modm/src/modm/container/doubly_linked_list_impl.hpp</source>
    <destination>modm/src/modm/container/doubly_linked_list_impl.hpp</destination>
    <time>62.635 ms</time>
  </operation>
  <operation>
    <module>modm:container</module>
    <source>../../../../taproot/modm/src/modm/container/doubly_linked_list_iterator_impl.hpp</source>
    <destination>modm/src/modm/container/doubly_linked_list_iterator_impl.hpp</destination>
    <time>65.387 ms</time>
  </operation>
  <operation>
    <module>modm:container</module>
    <source>../../../../taproot/modm/src/modm/container/dynamic_array.hpp</source>
    <destination>modm/src/modm/container/dynamic_array.hpp</destination>
    <time>63.382 ms</time>
  </operation>
  <operation>
    <module>modm:container</module>
    <source>../../../../taproot/modm/src/modm/container/dynamic_array_impl.hpp</source>
    <destination>modm/src/modm/container/dynamic_array_impl.hpp</destination>
    <time>62.330 ms</time>
  </operation>
  <operation>
    <module>modm:container</module>
    <source>../../../../taproot/modm/src/modm/container/dynamic_array_iterator_impl.hpp</source>
    <destination>modm/src/modm/container/dynamic_array_iterator_impl.hpp</destination>
    <time>63.287 ms</time>
  </operation>
  <operation>
    <module>modm:container</module>
    <source>../../../../taproot/modm/src/modm/container/linked_list.hpp</source>
    <destination>modm/src/modm/container/linked_list.hpp</destination>
    <time>61.865 ms</time>
  </operation>
  <operation>
    <module>modm:container</module>
    <source>../../../../taproot/modm/src/modm/container/linked_list_impl.hpp</source>
    <destination>modm/src/modm/container/linked_list_impl.hpp</destination>
    <time>60.717 ms</time>
  </operation>
  <operation>
    <module>modm:container</module>
    <source>../../../../taproot/modm/src/modm/container/linked_list_iterator_impl.hpp</source>
    <destination>modm/src/modm/container/linked_list_iterator_impl.hpp</destination>
    <time>65.177 ms</time>
  </operation>
  <operation>
    <module>modm:container</module>
    <source>../../../../taproot/modm/src/modm/container/module.md</source>
    <destination>modm/src/modm/container/module.md</destination>
    <time>64.436 ms</time>
  </operation>
  <operation>
    <module>modm:container</module>
    <source>../../../../taproot/modm/src/modm/container/pair.hpp</source>
    <destination>modm/src/modm/container/pair.hpp</destination>
    <time>60.413 ms</time>
  </operation>
  <operation>
    <module>modm:container</module>
    <source>../../../../taproot/modm/src/modm/container/queue.hpp</source>
    <destination>modm/src/modm/container/queue.hpp</destination>
    <time>64.488 ms</time>
  </operation>
  <operation>
    <module>modm:container</module>
    <source>../../../../taproot/modm/src/modm/container/smart_pointer.cpp</source>
    <destination>modm/src/modm/container/smart_pointer.cpp</destination>
    <time>70.548 ms</time>
  </operation>
  <operation>
    <module>modm:container</module>
    <source>../../../../taproot/modm/src/modm/container/smart_pointer.hpp</source>
    <destination>modm/src/modm/container/smart_pointer.hpp</destination>
    <time>62.591 ms</time>
  </operation>
  <operation>
    <module>modm:container</module>
    <source>../../../../taproot/modm/src/modm/container/stack.hpp</source>
    <destination>modm/src/modm/container/stack.hpp</destination>
    <time>63.200 ms</time>
  </operation>
  <operation>
    <module>modm:debug</module>
    <source>../../../../taproot/modm/src/modm/debug/debug.hpp</source>
    <destination>modm/src/modm/debug.hpp</destination>
    <time>69.758 ms</time>
  </operation>
  <operation>
    <module>modm:debug</module>
    <source>../../../../taproot/modm/src/modm/debug/debug.hpp</source>
    <destination>modm/src/modm/debug/debug.hpp</destination>
    <time>69.380 ms</time>
  </operation>
  <operation>
    <module>modm:debug</module>
    <source>../../../../taproot/modm/src/modm/debug/logger.hpp</source>
    <destination>modm/src/modm/debug/logger.hpp</destination>
    <time>66.284 ms</time>
  </operation>
  <operation>
    <module>modm:debug</module>
    <source>../../../../taproot/modm/src/modm/debug/logger/hosted/default_style.cpp</source>
    <destination>modm/src/modm/debug/logger/hosted/default_style.cpp</destination>
    <time>104.969 ms</time>
  </operation>
  <operation>
    <module>modm:debug</module>
    <source>../../../../taproot/modm/src/modm/debug/logger/imp/std.hpp</source>
    <destination>modm/src/modm/debug/logger/imp/std.hpp</destination>
    <time>107.475 ms</time>
  </operation>
  <operation>
    <module>modm:debug</module>
    <source>../../../../taproot/modm/src/modm/debug/logger/level.hpp</source>
    <destination>modm/src/modm/debug/logger/level.hpp</destination>
    <time>82.423 ms</time>
  </operation>
  <operation>
    <module>modm:debug</module>
    <source>../../../../taproot/modm/src/modm/debug/logger/logger.hpp</source>
    <destination>modm/src/modm/debug/logger/logger.hpp</destination>
    <time>78.698 ms</time>
  </operation>
  <operation>
    <module>modm:debug</module>
    <source>../../../../taproot/modm/src/modm/debug/logger/style.hpp</source>
    <destination>modm/src/modm/debug/logger/style.hpp</destination>
    <time>75.826 ms</time>
  </operation>
  <operation>
    <module>modm:debug</module>
    <source>../../../../taproot/modm/src/modm/debug/logger/style/prefix.hpp</source>
    <destination>modm/src/modm/debug/logger/style/prefix.hpp</destination>
    <time>100.770 ms</time>
  </operation>
  <operation>
    <module>modm:debug</module>
    <source>../../../../taproot/modm/src/modm/debug/logger/style/prefix_impl.hpp</source>
    <destination>modm/src/modm/debug/logger/style/prefix_impl.hpp</destination>
    <time>84.235 ms</time>
  </operation>
  <operation>
    <module>modm:debug</module>
    <source>../../../../taproot/modm/src/modm/debug/logger/style/std_colour.hpp</source>
    <destination>modm/src/modm/debug/logger/style/std_colour.hpp</destination>
    <time>96.662 ms</time>
  </operation>
  <operation>
    <module>modm:debug</module>
    <source>../../../../taproot/modm/src/modm/debug/logger/style/std_colour_impl.hpp</source>
    <destination>modm/src/modm/debug/logger/style/std_colour_impl.hpp</destination>
    <time>109.259 ms</time>
  </operation>
  <operation>
    <module>modm:debug</module>
    <source>../../../../taproot/modm/src/modm/debug/logger/style_impl.hpp</source>
    <destination>modm/src/modm/debug/logger/style_impl.hpp</destination>
    <time>79.589 ms</time>
  </operation>
  <operation>
    <module>modm:debug</module>
    <source>../../../../taproot/modm/src/modm/debug/logger/style_wrapper.hpp</source>
    <destination>modm/src/modm/debug/logger/style_wrapper.hpp</destination>
    <time>73.502 ms</time>
  </operation>
  <operation>
    <module>modm:debug</module>
    <source>../../../../taproot/modm/src/modm/debug/module.md</source>
    <destination>modm/src/modm/debug/module.md</destination>
    <time>69.733 ms</time>
  </operation>
  <operation>
    <module>modm:driver:terminal</module>
    <source>../../../../taproot/modm/src/modm/driver/io/terminal.cpp</source>
    <destination>modm/src/modm/driver/io/terminal.cpp</destination>
    <time>90.870 ms</time>
  </operation>
  <operation>
    <module>modm:driver:terminal</module>
    <source>../../../../taproot/modm/src/modm/driver/io/terminal.hpp</source>
    <destination>modm/src/modm/driver/io/terminal.hpp</destination>
    <time>84.188 ms</time>
  </operation>
  <operation>
    <module>modm:io</module>
    <source>../../../../taproot/modm/ext/mpaland/printf.h</source>
    <destination>modm/ext/printf/printf.h</destination>
    <time>55.536 ms</time>
  </operation>
  <operation>
    <module>modm:io</module>
    <source>../../../../taproot/modm/ext/mpaland/printf/printf.c</source>
    <destination>modm/ext/printf/printf.source</destination>
    <time>60.043 ms</time>
  </operation>
  <operation>
    <module>modm:io</module>
    <source>../../../../taproot/modm/src/modm/io/io.hpp</source>
    <destination>modm/src/modm/io.hpp</destination>
    <time>60.609 ms</time>
  </operation>
  <operation>
    <module>modm:io</module>
    <source>../../../../taproot/modm/src/modm/io/iodevice.hpp</source>
    <destination>modm/src/modm/io/iodevice.hpp</destination>
    <time>69.670 ms</time>
  </operation>
  <operation>
    <module>modm:io</module>
    <source>../../../../taproot/modm/src/modm/io/iodevice_wrapper.hpp</source>
    <destination>modm/src/modm/io/iodevice_wrapper.hpp</destination>
    <time>71.776 ms</time>
  </operation>
  <operation>
    <module>modm:io</module>
    <source>../../../../taproot/modm/src/modm/io/iostream.cpp</source>
    <destination>modm/src/modm/io/iostream.cpp</destination>
    <time>71.240 ms</time>
  </operation>
  <operation>
    <module>modm:io</module>
    <source>../../../../taproot/modm/src/modm/io/iostream.hpp.in</source>
    <destination>modm/src/modm/io/iostream.hpp</destination>
    <time>39.542 ms</time>
  </operation>
  <operation>
    <module>modm:io</module>
    <source>../../../../taproot/modm/src/modm/io/iostream_printf.cpp.in</source>
    <destination>modm/src/modm/io/iostream_printf.cpp</destination>
    <time>45.108 ms</time>
  </operation>
  <operation>
    <module>modm:io</module>
    <source>../../../../taproot/modm/src/modm/io/module.md</source>
    <destination>modm/src/modm/io/module.md</destination>
    <time>62.283 ms</time>
  </operation>
  <operation>
    <module>modm:math</module>
    <source>../../../../taproot/modm/src/modm/math/math.hpp.in</source>
    <destination>modm/src/modm/math.hpp</destination>
    <time>26.663 ms</time>
  </operation>
  <operation>
    <module>modm:math</module>
    <source>../../../../taproot/modm/src/modm/math/tolerance.hpp</source>
    <destination>modm/src/modm/math/tolerance.hpp</destination>
    <time>75.844 ms</time>
  </operation>
  <operation>
    <module>modm:math:filter</module>
    <source>../../../../taproot/modm/src/modm/math/filter.hpp</source>
    <destination>modm/src/modm/math/filter.hpp</destination>
    <time>78.650 ms</time>
  </operation>
  <operation>
    <module>modm:math:filter</module>
    <source>../../../../taproot/modm/src/modm/math/filter/debounce.hpp</source>
    <destination>modm/src/modm/math/filter/debounce.hpp</destination>
    <time>81.146 ms</time>
  </operation>
  <operation>
    <module>modm:math:filter</module>
    <source>../../../../taproot/modm/src/modm/math/filter/debounce_impl.hpp</source>
    <destination>modm/src/modm/math/filter/debounce_impl.hpp</destination>
    <time>72.342 ms</time>
  </operation>
  <operation>
    <module>modm:math:filter</module>
    <source>../../../../taproot/modm/src/modm/math/filter/fir.hpp</source>
    <destination>modm/src/modm/math/filter/fir.hpp</destination>
    <time>82.514 ms</time>
  </operation>
  <operation>
    <module>modm:math:filter</module>
    <source>../../../../taproot/modm/src/modm/math/filter/fir_impl.hpp</source>
    <destination>modm/src/modm/math/filter/fir_impl.hpp</destination>
    <time>83.075 ms</time>
  </operation>
  <operation>
    <module>modm:math:filter</module>
    <source>../../../../taproot/modm/src/modm/math/filter/median.hpp</source>
    <destination>modm/src/modm/math/filter/median.hpp</destination>
    <time>87.439 ms</time>
  </operation>
  <operation>
    <module>modm:math:filter</module>
    <source>../../../../taproot/modm/src/modm/math/filter/median_3_impl.hpp</source>
    <destination>modm/src/modm/math/filter/median_3_impl.hpp</destination>
    <time>85.116 ms</time>
  </operation>
  <operation>
    <module>modm:math:filter</module>
    <source>../../../../taproot/modm/src/modm/math/filter/median_5_impl.hpp</source>
    <destination>modm/src/modm/math/filter/median_5_impl.hpp</destination>
    <time>73.867 ms</time>
  </operation>
  <operation>
    <module>modm:math:filter</module>
    <source>../../../../taproot/modm/src/modm/math/filter/median_7_impl.hpp</source>
    <destination>modm/src/modm/math/filter/median_7_impl.hpp</destination>
    <time>81.406 ms</time>
  </operation>
  <operation>
    <module>modm:math:filter</module>
    <source>../../../../taproot/modm/src/modm/math/filter/median_9_impl.hpp</source>
    <destination>modm/src/modm/math/filter/median_9_impl.hpp</destination>
    <time>81.977 ms</time>
  </operation>
  <operation>
    <module>modm:math:filter</module>
    <source>../../../../taproot/modm/src/modm/math/filter/median_impl.hpp</source>
    <destination>modm/src/modm/math/filter/median_impl.hpp</destination>
    <time>86.162 ms</time>
  </operation>
  <operation>
    <module>modm:math:filter</module>
    <source>../../../../taproot/modm/src/modm/math/filter/moving_average.hpp</source>
    <destination>modm/src/modm/math/filter/moving_average.hpp</destination>
    <time>74.409 ms</time>
  </operation>
  <operation>
    <module>modm:math:filter</module>
    <source>../../../../taproot/modm/src/modm/math/filter/moving_average_float_impl.hpp</source>
    <destination>modm/src/modm/math/filter/moving_average_float_impl.hpp</destination>
    <time>73.160 ms</time>
  </operation>
  <operation>
    <module>modm:math:filter</module>
    <source>../../../../taproot/modm/src/modm/math/filter/pid.hpp</source>
    <destination>modm/src/modm/math/filter/pid.hpp</destination>
    <time>73.899 ms</time>
  </operation>
  <operation>
    <module>modm:math:filter</module>
    <source>../../../../taproot/modm/src/modm/math/filter/pid_impl.hpp</source>
    <destination>modm/src/modm/math/filter/pid_impl.hpp</destination>
    <time>84.026 ms</time>
  </operation>
  <operation>
    <module>modm:math:filter</module>
    <source>../../../../taproot/modm/src/modm/math/filter/ramp.hpp</source>
    <destination>modm/src/modm/math/filter/ramp.hpp</destination>
    <time>88.115 ms</time>
  </operation>
  <operation>
    <module>modm:math:filter</module>
    <source>../../../../taproot/modm/src/modm/math/filter/ramp_impl.hpp</source>
    <destination>modm/src/modm/math/filter/ramp_impl.hpp</destination>
    <time>74.192 ms</time>
  </operation>
  <operation>
    <module>modm:math:filter</module>
    <source>../../../../taproot/modm/src/modm/math/filter/s_curve_controller.hpp</source>
    <destination>modm/src/modm/math/filter/s_curve_controller.hpp</destination>
    <time>71.173 ms</time>
  </operation>
  <operation>
    <module>modm:math:filter</module>
    <source>../../../../taproot/modm/src/modm/math/filter/s_curve_controller_impl.hpp</source>
    <destination>modm/src/modm/math/filter/s_curve_controller_impl.hpp</destination>
    <time>76.503 ms</time>
  </operation>
  <operation>
    <module>modm:math:filter</module>
    <source>../../../../taproot/modm/src/modm/math/filter/s_curve_generator.hpp</source>
    <destination>modm/src/modm/math/filter/s_curve_generator.hpp</destination>
    <time>76.013 ms</time>
  </operation>
  <operation>
    <module>modm:math:filter</module>
    <source>../../../../taproot/modm/src/modm/math/filter/s_curve_generator_impl.hpp</source>
    <destination>modm/src/modm/math/filter/s_curve_generator_impl.hpp</destination>
    <time>80.516 ms</time>
  </operation>
  <operation>
    <module>modm:math:geometry</module>
    <source>../../../../taproot/modm/src/modm/math/geometry.hpp</source>
    <destination>modm/src/modm/math/geometry.hpp</destination>
    <time>86.627 ms</time>
  </operation>
  <operation>
    <module>modm:math:geometry</module>
    <source>../../../../taproot/modm/src/modm/math/geometry/angle.cpp</source>
    <destination>modm/src/modm/math/geometry/angle.cpp</destination>
    <time>105.935 ms</time>
  </operation>
  <operation>
    <module>modm:math:geometry</module>
    <source>../../../../taproot/modm/src/modm/math/geometry/angle.hpp</source>
    <destination>modm/src/modm/math/geometry/angle.hpp</destination>
    <time>91.248 ms</time>
  </operation>
  <operation>
    <module>modm:math:geometry</module>
    <source>../../../../taproot/modm/src/modm/math/geometry/circle_2d.hpp</source>
    <destination>modm/src/modm/math/geometry/circle_2d.hpp</destination>
    <time>91.650 ms</time>
  </operation>
  <operation>
    <module>modm:math:geometry</module>
    <source>../../../../taproot/modm/src/modm/math/geometry/circle_2d_impl.hpp</source>
    <destination>modm/src/modm/math/geometry/circle_2d_impl.hpp</destination>
    <time>89.973 ms</time>
  </operation>
  <operation>
    <module>modm:math:geometry</module>
    <source>../../../../taproot/modm/src/modm/math/geometry/geometric_traits.hpp</source>
    <destination>modm/src/modm/math/geometry/geometric_traits.hpp</destination>
    <time>95.146 ms</time>
  </operation>
  <operation>
    <module>modm:math:geometry</module>
    <source>../../../../taproot/modm/src/modm/math/geometry/line_2d.hpp</source>
    <destination>modm/src/modm/math/geometry/line_2d.hpp</destination>
    <time>95.119 ms</time>
  </operation>
  <operation>
    <module>modm:math:geometry</module>
    <source>../../../../taproot/modm/src/modm/math/geometry/line_2d_impl.hpp</source>
    <destination>modm/src/modm/math/geometry/line_2d_impl.hpp</destination>
    <time>83.940 ms</time>
  </operation>
  <operation>
    <module>modm:math:geometry</module>
    <source>../../../../taproot/modm/src/modm/math/geometry/line_segment_2d.hpp</source>
    <destination>modm/src/modm/math/geometry/line_segment_2d.hpp</destination>
    <time>79.340 ms</time>
  </operation>
  <operation>
    <module>modm:math:geometry</module>
    <source>../../../../taproot/modm/src/modm/math/geometry/line_segment_2d_impl.hpp</source>
    <destination>modm/src/modm/math/geometry/line_segment_2d_impl.hpp</destination>
    <time>80.750 ms</time>
  </operation>
  <operation>
    <module>modm:math:geometry</module>
    <source>../../../../taproot/modm/src/modm/math/geometry/location_2d.hpp</source>
    <destination>modm/src/modm/math/geometry/location_2d.hpp</destination>
    <time>85.755 ms</time>
  </operation>
  <operation>
    <module>modm:math:geometry</module>
    <source>../../../../taproot/modm/src/modm/math/geometry/location_2d_impl.hpp</source>
    <destination>modm/src/modm/math/geometry/location_2d_impl.hpp</destination>
    <time>89.397 ms</time>
  </operation>
  <operation>
    <module>modm:math:geometry</module>
    <source>../../../../taproot/modm/src/modm/math/geometry/point_set_2d.hpp</source>
    <destination>modm/src/modm/math/geometry/point_set_2d.hpp</destination>
    <time>87.080 ms</time>
  </operation>
  <operation>
    <module>modm:math:geometry</module>
    <source>../../../../taproot/modm/src/modm/math/geometry/point_set_2d_impl.hpp</source>
    <destination>modm/src/modm/math/geometry/point_set_2d_impl.hpp</destination>
    <time>92.510 ms</time>
  </operation>
  <operation>
    <module>modm:math:geometry</module>
    <source>../../../../taproot/modm/src/modm/math/geometry/polygon_2d.hpp</source>
    <destination>modm/src/modm/math/geometry/polygon_2d.hpp</destination>
    <time>94.673 ms</time>
  </operation>
  <operation>
    <module>modm:math:geometry</module>
    <source>../../../../taproot/modm/src/modm/math/geometry/polygon_2d_impl.hpp</source>
    <destination>modm/src/modm/math/geometry/polygon_2d_impl.hpp</destination>
    <time>86.879 ms</time>
  </operation>
  <operation>
    <module>modm:math:geometry</module>
    <source>../../../../taproot/modm/src/modm/math/geometry/quaternion.hpp</source>
    <destination>modm/src/modm/math/geometry/quaternion.hpp</destination>
    <time>91.597 ms</time>
  </operation>
  <operation>
    <module>modm:math:geometry</module>
    <source>../../../../taproot/modm/src/modm/math/geometry/quaternion_impl.hpp</source>
    <destination>modm/src/modm/math/geometry/quaternion_impl.hpp</destination>
    <time>96.497 ms</time>
  </operation>
  <operation>
    <module>modm:math:geometry</module>
    <source>../../../../taproot/modm/src/modm/math/geometry/ray_2d.hpp</source>
    <destination>modm/src/modm/math/geometry/ray_2d.hpp</destination>
    <time>86.348 ms</time>
  </operation>
  <operation>
    <module>modm:math:geometry</module>
    <source>../../../../taproot/modm/src/modm/math/geometry/ray_2d_impl.hpp</source>
    <destination>modm/src/modm/math/geometry/ray_2d_impl.hpp</destination>
    <time>88.738 ms</time>
  </operation>
  <operation>
    <module>modm:math:geometry</module>
    <source>../../../../taproot/modm/src/modm/math/geometry/vector.hpp</source>
    <destination>modm/src/modm/math/geometry/vector.hpp</destination>
    <time>89.147 ms</time>
  </operation>
  <operation>
    <module>modm:math:geometry</module>
    <source>../../../../taproot/modm/src/modm/math/geometry/vector1.hpp</source>
    <destination>modm/src/modm/math/geometry/vector1.hpp</destination>
    <time>87.792 ms</time>
  </operation>
  <operation>
    <module>modm:math:geometry</module>
    <source>../../../../taproot/modm/src/modm/math/geometry/vector1_impl.hpp</source>
    <destination>modm/src/modm/math/geometry/vector1_impl.hpp</destination>
    <time>80.431 ms</time>
  </operation>
  <operation>
    <module>modm:math:geometry</module>
    <source>../../../../taproot/modm/src/modm/math/geometry/vector2.cpp</source>
    <destination>modm/src/modm/math/geometry/vector2.cpp</destination>
    <time>80.618 ms</time>
  </operation>
  <operation>
    <module>modm:math:geometry</module>
    <source>../../../../taproot/modm/src/modm/math/geometry/vector2.hpp</source>
    <destination>modm/src/modm/math/geometry/vector2.hpp</destination>
    <time>95.267 ms</time>
  </operation>
  <operation>
    <module>modm:math:geometry</module>
    <source>../../../../taproot/modm/src/modm/math/geometry/vector2_impl.hpp</source>
    <destination>modm/src/modm/math/geometry/vector2_impl.hpp</destination>
    <time>97.159 ms</time>
  </operation>
  <operation>
    <module>modm:math:geometry</module>
    <source>../../../../taproot/modm/src/modm/math/geometry/vector3.hpp</source>
    <destination>modm/src/modm/math/geometry/vector3.hpp</destination>
    <time>89.964 ms</time>
  </operation>
  <operation>
    <module>modm:math:geometry</module>
    <source>../../../../taproot/modm/src/modm/math/geometry/vector3_impl.hpp</source>
    <destination>modm/src/modm/math/geometry/vector3_impl.hpp</destination>
    <time>95.832 ms</time>
  </operation>
  <operation>
    <module>modm:math:geometry</module>
    <source>../../../../taproot/modm/src/modm/math/geometry/vector4.hpp</source>
    <destination>modm/src/modm/math/geometry/vector4.hpp</destination>
    <time>86.638 ms</time>
  </operation>
  <operation>
    <module>modm:math:geometry</module>
    <source>../../../../taproot/modm/src/modm/math/geometry/vector4_impl.hpp</source>
    <destination>modm/src/modm/math/geometry/vector4_impl.hpp</destination>
    <time>82.097 ms</time>
  </operation>
  <operation>
    <module>modm:math:geometry</module>
    <source>../../../../taproot/modm/src/modm/math/geometry/vector_impl.hpp</source>
    <destination>modm/src/modm/math/geometry/vector_impl.hpp</destination>
    <time>84.835 ms</time>
  </operation>
  <operation>
    <module>modm:math:interpolation</module>
    <source>../../../../taproot/modm/src/modm/math/interpolation.hpp</source>
    <destination>modm/src/modm/math/interpolation.hpp</destination>
    <time>71.033 ms</time>
  </operation>
  <operation>
    <module>modm:math:interpolation</module>
    <source>../../../../taproot/modm/src/modm/math/interpolation/lagrange.hpp</source>
    <destination>modm/src/modm/math/interpolation/lagrange.hpp</destination>
    <time>83.095 ms</time>
  </operation>
  <operation>
    <module>modm:math:interpolation</module>
    <source>../../../../taproot/modm/src/modm/math/interpolation/lagrange_impl.hpp</source>
    <destination>modm/src/modm/math/interpolation/lagrange_impl.hpp</destination>
    <time>90.633 ms</time>
  </operation>
  <operation>
    <module>modm:math:interpolation</module>
    <source>../../../../taproot/modm/src/modm/math/interpolation/linear.hpp</source>
    <destination>modm/src/modm/math/interpolation/linear.hpp</destination>
    <time>81.152 ms</time>
  </operation>
  <operation>
    <module>modm:math:interpolation</module>
    <source>../../../../taproot/modm/src/modm/math/interpolation/linear_impl.hpp</source>
    <destination>modm/src/modm/math/interpolation/linear_impl.hpp</destination>
    <time>80.497 ms</time>
  </operation>
  <operation>
    <module>modm:math:interpolation</module>
    <source>../../../../taproot/modm/src/modm/math/interpolation/module.md</source>
    <destination>modm/src/modm/math/interpolation/module.md</destination>
    <time>75.173 ms</time>
  </operation>
  <operation>
    <module>modm:math:matrix</module>
    <source>../../../../taproot/modm/src/modm/math/lu_decomposition.hpp</source>
    <destination>modm/src/modm/math/lu_decomposition.hpp</destination>
    <time>71.247 ms</time>
  </operation>
  <operation>
    <module>modm:math:matrix</module>
    <source>../../../../taproot/modm/src/modm/math/lu_decomposition_impl.hpp</source>
    <destination>modm/src/modm/math/lu_decomposition_impl.hpp</destination>
    <time>69.559 ms</time>
  </operation>
  <operation>
    <module>modm:math:matrix</module>
    <source>../../../../taproot/modm/src/modm/math/matrix.hpp</source>
    <destination>modm/src/modm/math/matrix.hpp</destination>
    <time>80.521 ms</time>
  </operation>
  <operation>
    <module>modm:math:matrix</module>
    <source>../../../../taproot/modm/src/modm/math/matrix_impl.hpp</source>
    <destination>modm/src/modm/math/matrix_impl.hpp</destination>
    <time>83.961 ms</time>
  </operation>
  <operation>
    <module>modm:math:saturated</module>
    <source>../../../../taproot/modm/src/modm/math/saturated/saturated.hpp</source>
    <destination>modm/src/modm/math/saturated/saturated.hpp</destination>
    <time>94.207 ms</time>
  </operation>
  <operation>
    <module>modm:math:saturated</module>
    <source>../../../../taproot/modm/src/modm/math/saturated/saturated__avr_s8_impl.hpp</source>
    <destination>modm/src/modm/math/saturated/saturated__avr_s8_impl.hpp</destination>
    <time>78.740 ms</time>
  </operation>
  <operation>
    <module>modm:math:saturated</module>
    <source>../../../../taproot/modm/src/modm/math/saturated/saturated__avr_u8_impl.hpp</source>
    <destination>modm/src/modm/math/saturated/saturated__avr_u8_impl.hpp</destination>
    <time>76.466 ms</time>
  </operation>
  <operation>
    <module>modm:math:saturated</module>
    <source>../../../../taproot/modm/src/modm/math/saturated/saturated_impl.hpp</source>
    <destination>modm/src/modm/math/saturated/saturated_impl.hpp</destination>
    <time>74.879 ms</time>
  </operation>
  <operation>
    <module>modm:math:units</module>
    <source>../../../../taproot/modm/src/modm/math/units.hpp</source>
    <destination>modm/src/modm/math/units.hpp</destination>
    <time>74.650 ms</time>
  </operation>
  <operation>
    <module>modm:math:utils</module>
    <source>../../../../taproot/modm/src/modm/math/utils.hpp</source>
    <destination>modm/src/modm/math/utils.hpp</destination>
    <time>83.210 ms</time>
  </operation>
  <operation>
    <module>modm:math:utils</module>
    <source>../../../../taproot/modm/src/modm/math/utils/arithmetic_traits.hpp</source>
    <destination>modm/src/modm/math/utils/arithmetic_traits.hpp</destination>
    <time>73.227 ms</time>
  </operation>
  <operation>
    <module>modm:math:utils</module>
    <source>../../../../taproot/modm/src/modm/math/utils/bit_constants.hpp</source>
    <destination>modm/src/modm/math/utils/bit_constants.hpp</destination>
    <time>87.388 ms</time>
  </operation>
  <operation>
    <module>modm:math:utils</module>
    <source>../../../../taproot/modm/src/modm/math/utils/bit_operation.cpp</source>
    <destination>modm/src/modm/math/utils/bit_operation.cpp</destination>
    <time>81.330 ms</time>
  </operation>
  <operation>
    <module>modm:math:utils</module>
    <source>../../../../taproot/modm/src/modm/math/utils/bit_operation.hpp</source>
    <destination>modm/src/modm/math/utils/bit_operation.hpp</destination>
    <time>82.650 ms</time>
  </operation>
  <operation>
    <module>modm:math:utils</module>
    <source>../../../../taproot/modm/src/modm/math/utils/crc.hpp</source>
    <destination>modm/src/modm/math/utils/crc.hpp</destination>
    <time>80.041 ms</time>
  </operation>
  <operation>
    <module>modm:math:utils</module>
    <source>../../../../taproot/modm/src/modm/math/utils/endianness.hpp</source>
    <destination>modm/src/modm/math/utils/endianness.hpp</destination>
    <time>76.731 ms</time>
  </operation>
  <operation>
    <module>modm:math:utils</module>
    <source>../../../../taproot/modm/src/modm/math/utils/misc.hpp</source>
    <destination>modm/src/modm/math/utils/misc.hpp</destination>
    <time>75.380 ms</time>
  </operation>
  <operation>
    <module>modm:math:utils</module>
    <source>../../../../taproot/modm/src/modm/math/utils/operator.hpp</source>
    <destination>modm/src/modm/math/utils/operator.hpp</destination>
    <time>76.058 ms</time>
  </operation>
  <operation>
    <module>modm:math:utils</module>
    <source>../../../../taproot/modm/src/modm/math/utils/operator_impl.hpp</source>
    <destination>modm/src/modm/math/utils/operator_impl.hpp</destination>
    <time>93.868 ms</time>
  </operation>
  <operation>
    <module>modm:math:utils</module>
    <source>../../../../taproot/modm/src/modm/math/utils/pc/operator.cpp</source>
    <destination>modm/src/modm/math/utils/pc/operator.cpp</destination>
    <time>125.756 ms</time>
  </operation>
  <operation>
    <module>modm:platform</module>
    <source>../../../../taproot/modm/src/modm/platform/platform.hpp.in</source>
    <destination>modm/src/modm/platform.hpp</destination>
    <time>26.049 ms</time>
  </operation>
  <operation>
    <module>modm:platform:core</module>
    <source>../../../../taproot/modm/src/modm/platform/core/cortex/assert.cpp.in</source>
    <destination>modm/src/modm/platform/core/assert.cpp</destination>
    <time>46.867 ms</time>
  </operation>
  <operation>
    <module>modm:platform:core</module>
    <source>../../../../taproot/modm/src/modm/platform/core/cortex/assert_impl.hpp.in</source>
    <destination>modm/src/modm/platform/core/assert_impl.hpp</destination>
    <time>36.105 ms</time>
  </operation>
  <operation>
    <module>modm:platform:core</module>
    <source>../../../../taproot/modm/src/modm/platform/core/cortex/flash_reader_impl.hpp</source>
    <destination>modm/src/modm/platform/core/flash_reader_impl.hpp</destination>
    <time>89.000 ms</time>
  </operation>
  <operation>
    <module>modm:platform:core</module>
    <source>../../../../taproot/modm/src/modm/platform/core/hosted/atomic_lock_impl.hpp</source>
    <destination>modm/src/modm/platform/core/atomic_lock_impl.hpp</destination>
    <time>97.928 ms</time>
  </operation>
  <operation>
    <module>modm:platform:core</module>
    <source>../../../../taproot/modm/src/modm/platform/core/hosted/clock.cpp</source>
    <destination>modm/src/modm/platform/core/clock.cpp</destination>
    <time>93.056 ms</time>
  </operation>
  <operation>
    <module>modm:platform:core</module>
    <source>../../../../taproot/modm/src/modm/platform/core/hosted/delay_impl.hpp.in</source>
    <destination>modm/src/modm/platform/core/delay_impl.hpp</destination>
    <time>37.951 ms</time>
  </operation>
  <operation>
    <module>modm:platform:core</module>
    <source>../../../../taproot/modm/src/modm/platform/core/hosted/memory.cpp</source>
    <destination>modm/src/modm/platform/core/memory.cpp</destination>
    <time>114.977 ms</time>
  </operation>
  <operation>
    <module>modm:processing</module>
    <source>../../../../taproot/modm/src/modm/processing/processing.hpp.in</source>
    <destination>modm/src/modm/processing.hpp</destination>
    <time>26.219 ms</time>
  </operation>
  <operation>
    <module>modm:processing</module>
    <source>../../../../taproot/modm/src/modm/processing/task.hpp</source>
    <destination>modm/src/modm/processing/task.hpp</destination>
    <time>69.464 ms</time>
  </operation>
  <operation>
    <module>modm:processing:protothread</module>
    <source>../../../../taproot/modm/src/modm/processing/protothread.hpp</source>
    <destination>modm/src/modm/processing/protothread.hpp</destination>
    <time>72.680 ms</time>
  </operation>
  <operation>
    <module>modm:processing:protothread</module>
    <source>../../../../taproot/modm/src/modm/processing/protothread/macros.hpp</source>
    <destination>modm/src/modm/processing/protothread/macros.hpp</destination>
    <time>82.234 ms</time>
  </operation>
  <operation>
    <module>modm:processing:protothread</module>
    <source>../../../../taproot/modm/src/modm/processing/protothread/module.md</source>
    <destination>modm/src/modm/processing/protothread/module.md</destination>
    <time>76.974 ms</time>
  </operation>
  <operation>
    <module>modm:processing:protothread</module>
    <source>../../../../taproot/modm/src/modm/processing/protothread/protothread.hpp</source>
    <destination>modm/src/modm/processing/protothread/protothread.hpp</destination>
    <time>75.032 ms</time>
  </operation>
  <operation>
    <module>modm:processing:protothread</module>
    <source>../../../../taproot/modm/src/modm/processing/protothread/semaphore.hpp</source>
    <destination>modm/src/modm/processing/protothread/semaphore.hpp</destination>
    <time>74.847 ms</time>
  </operation>
  <operation>
    <module>modm:processing:resumable</module>
    <source>../../../../taproot/modm/src/modm/processing/resumable.hpp</source>
    <destination>modm/src/modm/processing/resumable.hpp</destination>
    <time>79.125 ms</time>
  </operation>
  <operation>
    <module>modm:processing:resumable</module>
    <source>../../../../taproot/modm/src/modm/processing/resumable/macros.hpp</source>
    <destination>modm/src/modm/processing/resumable/macros.hpp</destination>
    <time>90.943 ms</time>
  </operation>
  <operation>
    <module>modm:processing:resumable</module>
    <source>../../../../taproot/modm/src/modm/processing/resumable/nested_resumable.hpp.in</source>
    <destination>modm/src/modm/processing/resumable/nested_resumable.hpp</destination>
    <time>47.419 ms</time>
  </operation>
  <operation>
    <module>modm:processing:resumable</module>
    <source>../../../../taproot/modm/src/modm/processing/resumable/resumable.hpp</source>
    <destination>modm/src/modm/processing/resumable/resumable.hpp</destination>
    <time>75.758 ms</time>
  </operation>
  <operation>
    <module>modm:processing:timer</module>
    <source>../../../../taproot/modm/src/modm/processing/timer.hpp</source>
    <destination>modm/src/modm/processing/timer.hpp</destination>
    <time>69.805 ms</time>
  </operation>
  <operation>
    <module>modm:processing:timer</module>
    <source>../../../../taproot/modm/src/modm/processing/timer/module.md</source>
    <destination>modm/src/modm/processing/timer/module.md</destination>
    <time>84.526 ms</time>
  </operation>
  <operation>
    <module>modm:processing:timer</module>
    <source>../../../../taproot/modm/src/modm/processing/timer/periodic_timer.hpp</source>
    <destination>modm/src/modm/processing/timer/periodic_timer.hpp</destination>
    <time>73.789 ms</time>
  </operation>
  <operation>
    <module>modm:processing:timer</module>
    <source>../../../../taproot/modm/src/modm/processing/timer/timeout.hpp</source>
    <destination>modm/src/modm/processing/timer/timeout.hpp</destination>
    <time>75.729 ms</time>
  </operation>
  <operation>
    <module>modm:processing:timer</module>
    <source>../../../../taproot/modm/src/modm/processing/timer/timeout_impl.hpp</source>
    <destination>modm/src/modm/processing/timer/timeout_impl.hpp</destination>
    <time>82.916 ms</time>
  </operation>
  <operation>
    <module>modm:processing:timer</module>
    <source>../../../../taproot/modm/src/modm/processing/timer/timestamp.hpp</source>
    <destination>modm/src/modm/processing/timer/timestamp.hpp</destination>
    <time>85.639 ms</time>
  </operation>
  <operation>
    <module>modm:ui:color</module>
    <source>../../../../taproot/modm/src/modm/ui/color.hpp</source>
    <destination>modm/src/modm/ui/color.hpp</destination>
    <time>76.065 ms</time>
  </operation>
  <operation>
    <module>modm:ui:color</module>
    <source>../../../../taproot/modm/src/modm/ui/color/brightness.hpp</source>
    <destination>modm/src/modm/ui/color/brightness.hpp</destination>
    <time>92.581 ms</time>
  </operation>
  <operation>
    <module>modm:ui:color</module>
    <source>../../../../taproot/modm/src/modm/ui/color/hsv.hpp</source>
    <destination>modm/src/modm/ui/color/hsv.hpp</destination>
    <time>79.007 ms</time>
  </operation>
  <operation>
    <module>modm:ui:color</module>
    <source>../../../../taproot/modm/src/modm/ui/color/hsv_impl.hpp</source>
    <destination>modm/src/modm/ui/color/hsv_impl.hpp</destination>
    <time>77.341 ms</time>
  </operation>
  <operation>
    <module>modm:ui:color</module>
    <source>../../../../taproot/modm/src/modm/ui/color/rgb.hpp</source>
    <destination>modm/src/modm/ui/color/rgb.hpp</destination>
    <time>79.011 ms</time>
  </operation>
  <operation>
    <module>modm:ui:color</module>
    <source>../../../../taproot/modm/src/modm/ui/color/rgb565.hpp</source>
    <destination>modm/src/modm/ui/color/rgb565.hpp</destination>
    <time>76.956 ms</time>
  </operation>
  <operation>
    <module>modm:ui:color</module>
    <source>../../../../taproot/modm/src/modm/ui/color/rgb_impl.hpp</source>
    <destination>modm/src/modm/ui/color/rgb_impl.hpp</destination>
    <time>78.341 ms</time>
  </operation>
  <operation>
    <module>modm:ui:color</module>
    <source>../../../../taproot/modm/src/modm/ui/color/rgbhtml.hpp</source>
    <destination>modm/src/modm/ui/color/rgbhtml.hpp</destination>
    <time>84.553 ms</time>
  </operation>
  <operation>
    <module>modm:ui:display</module>
    <source>../../../../taproot/modm/src/modm/ui/display.hpp</source>
    <destination>modm/src/modm/ui/display.hpp</destination>
    <time>69.858 ms</time>
  </operation>
  <operation>
    <module>modm:ui:display</module>
    <source>../../../../taproot/modm/src/modm/ui/display/character_display.cpp</source>
    <destination>modm/src/modm/ui/display/character_display.cpp</destination>
    <time>81.846 ms</time>
  </operation>
  <operation>
    <module>modm:ui:display</module>
    <source>../../../../taproot/modm/src/modm/ui/display/character_display.hpp</source>
    <destination>modm/src/modm/ui/display/character_display.hpp</destination>
    <time>74.491 ms</time>
  </operation>
  <operation>
    <module>modm:ui:display</module>
    <source>../../../../taproot/modm/src/modm/ui/display/color_graphic_display.hpp</source>
    <destination>modm/src/modm/ui/display/color_graphic_display.hpp</destination>
    <time>85.787 ms</time>
  </operation>
  <operation>
    <module>modm:ui:display</module>
    <source>../../../../taproot/modm/src/modm/ui/display/font.hpp</source>
    <destination>modm/src/modm/ui/display/font.hpp</destination>
    <time>77.188 ms</time>
  </operation>
  <operation>
    <module>modm:ui:display</module>
    <source>../../../../taproot/modm/src/modm/ui/display/font/SConscript.generate</source>
    <destination>modm/src/modm/ui/display/font/SConscript.generate</destination>
    <time>89.908 ms</time>
  </operation>
  <operation>
    <module>modm:ui:display</module>
    <source>../../../../taproot/modm/src/modm/ui/display/font/all_caps_3x5.cpp</source>
    <destination>modm/src/modm/ui/display/font/all_caps_3x5.cpp</destination>
    <time>96.754 ms</time>
  </operation>
  <operation>
    <module>modm:ui:display</module>
    <source>../../../../taproot/modm/src/modm/ui/display/font/all_caps_3x5.hpp</source>
    <destination>modm/src/modm/ui/display/font/all_caps_3x5.hpp</destination>
    <time>88.355 ms</time>
  </operation>
  <operation>
    <module>modm:ui:display</module>
    <source>../../../../taproot/modm/src/modm/ui/display/font/arcade_classic.cpp</source>
    <destination>modm/src/modm/ui/display/font/arcade_classic.cpp</destination>
    <time>93.288 ms</time>
  </operation>
  <operation>
    <module>modm:ui:display</module>
    <source>../../../../taproot/modm/src/modm/ui/display/font/arcade_classic.hpp</source>
    <destination>modm/src/modm/ui/display/font/arcade_classic.hpp</destination>
    <time>97.745 ms</time>
  </operation>
  <operation>
    <module>modm:ui:display</module>
    <source>../../../../taproot/modm/src/modm/ui/display/font/assertion.cpp</source>
    <destination>modm/src/modm/ui/display/font/assertion.cpp</destination>
    <time>99.743 ms</time>
  </operation>
  <operation>
    <module>modm:ui:display</module>
    <source>../../../../taproot/modm/src/modm/ui/display/font/assertion.hpp</source>
    <destination>modm/src/modm/ui/display/font/assertion.hpp</destination>
    <time>88.148 ms</time>
  </operation>
  <operation>
    <module>modm:ui:display</module>
    <source>../../../../taproot/modm/src/modm/ui/display/font/fixed_width_5x8.cpp</source>
    <destination>modm/src/modm/ui/display/font/fixed_width_5x8.cpp</destination>
    <time>88.764 ms</time>
  </operation>
  <operation>
    <module>modm:ui:display</module>
    <source>../../../../taproot/modm/src/modm/ui/display/font/fixed_width_5x8.hpp</source>
    <destination>modm/src/modm/ui/display/font/fixed_width_5x8.hpp</destination>
    <time>88.764 ms</time>
  </operation>
  <operation>
    <module>modm:ui:display</module>
    <source>../../../../taproot/modm/src/modm/ui/display/font/matrix_8x8.cpp</source>
    <destination>modm/src/modm/ui/display/font/matrix_8x8.cpp</destination>
    <time>86.143 ms</time>
  </operation>
  <operation>
    <module>modm:ui:display</module>
    <source>../../../../taproot/modm/src/modm/ui/display/font/matrix_8x8.hpp</source>
    <destination>modm/src/modm/ui/display/font/matrix_8x8.hpp</destination>
    <time>94.064 ms</time>
  </operation>
  <operation>
    <module>modm:ui:display</module>
    <source>../../../../taproot/modm/src/modm/ui/display/font/numbers_14x32.cpp</source>
    <destination>modm/src/modm/ui/display/font/numbers_14x32.cpp</destination>
    <time>88.954 ms</time>
  </operation>
  <operation>
    <module>modm:ui:display</module>
    <source>../../../../taproot/modm/src/modm/ui/display/font/numbers_14x32.hpp</source>
    <destination>modm/src/modm/ui/display/font/numbers_14x32.hpp</destination>
    <time>90.117 ms</time>
  </operation>
  <operation>
    <module>modm:ui:display</module>
    <source>../../../../taproot/modm/src/modm/ui/display/font/numbers_40x56.cpp</source>
    <destination>modm/src/modm/ui/display/font/numbers_40x56.cpp</destination>
    <time>95.712 ms</time>
  </operation>
  <operation>
    <module>modm:ui:display</module>
    <source>../../../../taproot/modm/src/modm/ui/display/font/numbers_40x56.hpp</source>
    <destination>modm/src/modm/ui/display/font/numbers_40x56.hpp</destination>
    <time>95.152 ms</time>
  </operation>
  <operation>
    <module>modm:ui:display</module>
    <source>../../../../taproot/modm/src/modm/ui/display/font/numbers_46x64.cpp</source>
    <destination>modm/src/modm/ui/display/font/numbers_46x64.cpp</destination>
    <time>96.111 ms</time>
  </operation>
  <operation>
    <module>modm:ui:display</module>
    <source>../../../../taproot/modm/src/modm/ui/display/font/numbers_46x64.hpp</source>
    <destination>modm/src/modm/ui/display/font/numbers_46x64.hpp</destination>
    <time>86.490 ms</time>
  </operation>
  <operation>
    <module>modm:ui:display</module>
    <source>../../../../taproot/modm/src/modm/ui/display/font/scripto_narrow.cpp</source>
    <destination>modm/src/modm/ui/display/font/scripto_narrow.cpp</destination>
    <time>93.942 ms</time>
  </operation>
  <operation>
    <module>modm:ui:display</module>
    <source>../../../../taproot/modm/src/modm/ui/display/font/scripto_narrow.hpp</source>
    <destination>modm/src/modm/ui/display/font/scripto_narrow.hpp</destination>
    <time>99.789 ms</time>
  </operation>
  <operation>
    <module>modm:ui:display</module>
    <source>../../../../taproot/modm/src/modm/ui/display/font/ubuntu_36.cpp</source>
    <destination>modm/src/modm/ui/display/font/ubuntu_36.cpp</destination>
    <time>96.371 ms</time>
  </operation>
  <operation>
    <module>modm:ui:display</module>
    <source>../../../../taproot/modm/src/modm/ui/display/font/ubuntu_36.hpp</source>
    <destination>modm/src/modm/ui/display/font/ubuntu_36.hpp</destination>
    <time>85.901 ms</time>
  </operation>
  <operation>
    <module>modm:ui:display</module>
    <source>../../../../taproot/modm/src/modm/ui/display/graphic_display.cpp</source>
    <destination>modm/src/modm/ui/display/graphic_display.cpp</destination>
    <time>79.786 ms</time>
  </operation>
  <operation>
    <module>modm:ui:display</module>
    <source>../../../../taproot/modm/src/modm/ui/display/graphic_display.hpp</source>
    <destination>modm/src/modm/ui/display/graphic_display.hpp</destination>
    <time>87.815 ms</time>
  </operation>
  <operation>
    <module>modm:ui:display</module>
    <source>../../../../taproot/modm/src/modm/ui/display/graphic_display_fill.cpp</source>
    <destination>modm/src/modm/ui/display/graphic_display_fill.cpp</destination>
    <time>72.289 ms</time>
  </operation>
  <operation>
    <module>modm:ui:display</module>
    <source>../../../../taproot/modm/src/modm/ui/display/graphic_display_text.cpp</source>
    <destination>modm/src/modm/ui/display/graphic_display_text.cpp</destination>
    <time>72.276 ms</time>
  </operation>
  <operation>
    <module>modm:ui:display</module>
    <source>../../../../taproot/modm/src/modm/ui/display/image.hpp</source>
    <destination>modm/src/modm/ui/display/image.hpp</destination>
    <time>73.545 ms</time>
  </operation>
  <operation>
    <module>modm:ui:display</module>
    <source>../../../../taproot/modm/src/modm/ui/display/image/SConscript.generate</source>
    <destination>modm/src/modm/ui/display/image/SConscript.generate</destination>
    <time>103.172 ms</time>
  </operation>
  <operation>
    <module>modm:ui:display</module>
    <source>../../../../taproot/modm/src/modm/ui/display/image/home_16x16.cpp</source>
    <destination>modm/src/modm/ui/display/image/home_16x16.cpp</destination>
    <time>93.628 ms</time>
  </operation>
  <operation>
    <module>modm:ui:display</module>
    <source>../../../../taproot/modm/src/modm/ui/display/image/home_16x16.hpp</source>
    <destination>modm/src/modm/ui/display/image/home_16x16.hpp</destination>
    <time>89.585 ms</time>
  </operation>
  <operation>
    <module>modm:ui:display</module>
    <source>../../../../taproot/modm/src/modm/ui/display/image/logo_eurobot_90x64.cpp</source>
    <destination>modm/src/modm/ui/display/image/logo_eurobot_90x64.cpp</destination>
    <time>94.618 ms</time>
  </operation>
  <operation>
    <module>modm:ui:display</module>
    <source>../../../../taproot/modm/src/modm/ui/display/image/logo_eurobot_90x64.hpp</source>
    <destination>modm/src/modm/ui/display/image/logo_eurobot_90x64.hpp</destination>
    <time>88.691 ms</time>
  </operation>
  <operation>
    <module>modm:ui:display</module>
    <source>../../../../taproot/modm/src/modm/ui/display/image/logo_rca_90x64.cpp</source>
    <destination>modm/src/modm/ui/display/image/logo_rca_90x64.cpp</destination>
    <time>94.241 ms</time>
  </operation>
  <operation>
    <module>modm:ui:display</module>
    <source>../../../../taproot/modm/src/modm/ui/display/image/logo_rca_90x64.hpp</source>
    <destination>modm/src/modm/ui/display/image/logo_rca_90x64.hpp</destination>
    <time>96.400 ms</time>
  </operation>
  <operation>
    <module>modm:ui:display</module>
    <source>../../../../taproot/modm/src/modm/ui/display/image/skull_64x64.cpp</source>
    <destination>modm/src/modm/ui/display/image/skull_64x64.cpp</destination>
    <time>87.009 ms</time>
  </operation>
  <operation>
    <module>modm:ui:display</module>
    <source>../../../../taproot/modm/src/modm/ui/display/image/skull_64x64.hpp</source>
    <destination>modm/src/modm/ui/display/image/skull_64x64.hpp</destination>
    <time>86.323 ms</time>
  </operation>
  <operation>
    <module>modm:ui:display</module>
    <source>../../../../taproot/modm/src/modm/ui/display/monochrome_graphic_display.hpp</source>
    <destination>modm/src/modm/ui/display/monochrome_graphic_display.hpp</destination>
    <time>81.552 ms</time>
  </operation>
  <operation>
    <module>modm:ui:display</module>
    <source>../../../../taproot/modm/src/modm/ui/display/monochrome_graphic_display_horizontal.hpp</source>
    <destination>modm/src/modm/ui/display/monochrome_graphic_display_horizontal.hpp</destination>
    <time>84.300 ms</time>
  </operation>
  <operation>
    <module>modm:ui:display</module>
    <source>../../../../taproot/modm/src/modm/ui/display/monochrome_graphic_display_horizontal_impl.hpp</source>
    <destination>modm/src/modm/ui/display/monochrome_graphic_display_horizontal_impl.hpp</destination>
    <time>79.332 ms</time>
  </operation>
  <operation>
    <module>modm:ui:display</module>
    <source>../../../../taproot/modm/src/modm/ui/display/monochrome_graphic_display_impl.hpp</source>
    <destination>modm/src/modm/ui/display/monochrome_graphic_display_impl.hpp</destination>
    <time>76.586 ms</time>
  </operation>
  <operation>
    <module>modm:ui:display</module>
    <source>../../../../taproot/modm/src/modm/ui/display/monochrome_graphic_display_vertical.hpp</source>
    <destination>modm/src/modm/ui/display/monochrome_graphic_display_vertical.hpp</destination>
    <time>76.541 ms</time>
  </operation>
  <operation>
    <module>modm:ui:display</module>
    <source>../../../../taproot/modm/src/modm/ui/display/monochrome_graphic_display_vertical_impl.hpp</source>
    <destination>modm/src/modm/ui/display/monochrome_graphic_display_vertical_impl.hpp</destination>
    <time>83.520 ms</time>
  </operation>
  <operation>
    <module>modm:ui:display</module>
    <source>../../../../taproot/modm/src/modm/ui/display/virtual_graphic_display.cpp</source>
    <destination>modm/src/modm/ui/display/virtual_graphic_display.cpp</destination>
    <time>76.611 ms</time>
  </operation>
  <operation>
    <module>modm:ui:display</module>
    <source>../../../../taproot/modm/src/modm/ui/display/virtual_graphic_display.hpp</source>
    <destination>modm/src/modm/ui/display/virtual_graphic_display.hpp</destination>
    <time>78.573 ms</time>
  </operation>
  <operation>
    <module>modm:ui:menu</module>
    <source>../../../../taproot/modm/src/modm/ui/menu.hpp</source>
    <destination>modm/src/modm/ui/menu.hpp</destination>
    <time>72.154 ms</time>
  </operation>
  <operation>
    <module>modm:ui:menu</module>
    <source>../../../../taproot/modm/src/modm/ui/menu/abstract_menu.hpp</source>
    <destination>modm/src/modm/ui/menu/abstract_menu.hpp</destination>
    <time>94.503 ms</time>
  </operation>
  <operation>
    <module>modm:ui:menu</module>
    <source>../../../../taproot/modm/src/modm/ui/menu/abstract_view.hpp</source>
    <destination>modm/src/modm/ui/menu/abstract_view.hpp</destination>
    <time>76.239 ms</time>
  </operation>
  <operation>
    <module>modm:ui:menu</module>
    <source>../../../../taproot/modm/src/modm/ui/menu/choice_menu.hpp</source>
    <destination>modm/src/modm/ui/menu/choice_menu.hpp</destination>
    <time>86.665 ms</time>
  </operation>
  <operation>
    <module>modm:ui:menu</module>
    <source>../../../../taproot/modm/src/modm/ui/menu/choice_menu_entry.cpp</source>
    <destination>modm/src/modm/ui/menu/choice_menu_entry.cpp</destination>
    <time>75.051 ms</time>
  </operation>
  <operation>
    <module>modm:ui:menu</module>
    <source>../../../../taproot/modm/src/modm/ui/menu/choice_menu_entry.hpp</source>
    <destination>modm/src/modm/ui/menu/choice_menu_entry.hpp</destination>
    <time>77.310 ms</time>
  </operation>
  <operation>
    <module>modm:ui:menu</module>
    <source>../../../../taproot/modm/src/modm/ui/menu/choice_menu_impl.hpp</source>
    <destination>modm/src/modm/ui/menu/choice_menu_impl.hpp</destination>
    <time>83.161 ms</time>
  </operation>
  <operation>
    <module>modm:ui:menu</module>
    <source>../../../../taproot/modm/src/modm/ui/menu/communicating_view.hpp</source>
    <destination>modm/src/modm/ui/menu/communicating_view.hpp</destination>
    <time>80.794 ms</time>
  </operation>
  <operation>
    <module>modm:ui:menu</module>
    <source>../../../../taproot/modm/src/modm/ui/menu/communicating_view_stack.hpp</source>
    <destination>modm/src/modm/ui/menu/communicating_view_stack.hpp</destination>
    <time>75.367 ms</time>
  </operation>
  <operation>
    <module>modm:ui:menu</module>
    <source>../../../../taproot/modm/src/modm/ui/menu/iabstract_view.hpp</source>
    <destination>modm/src/modm/ui/menu/iabstract_view.hpp</destination>
    <time>76.052 ms</time>
  </operation>
  <operation>
    <module>modm:ui:menu</module>
    <source>../../../../taproot/modm/src/modm/ui/menu/menu_buttons.hpp</source>
    <destination>modm/src/modm/ui/menu/menu_buttons.hpp</destination>
    <time>72.519 ms</time>
  </operation>
  <operation>
    <module>modm:ui:menu</module>
    <source>../../../../taproot/modm/src/modm/ui/menu/menu_entry_callback.hpp</source>
    <destination>modm/src/modm/ui/menu/menu_entry_callback.hpp</destination>
    <time>81.909 ms</time>
  </operation>
  <operation>
    <module>modm:ui:menu</module>
    <source>../../../../taproot/modm/src/modm/ui/menu/scrollable_text.cpp</source>
    <destination>modm/src/modm/ui/menu/scrollable_text.cpp</destination>
    <time>84.330 ms</time>
  </operation>
  <operation>
    <module>modm:ui:menu</module>
    <source>../../../../taproot/modm/src/modm/ui/menu/scrollable_text.hpp</source>
    <destination>modm/src/modm/ui/menu/scrollable_text.hpp</destination>
    <time>71.666 ms</time>
  </operation>
  <operation>
    <module>modm:ui:menu</module>
    <source>../../../../taproot/modm/src/modm/ui/menu/standard_menu.hpp</source>
    <destination>modm/src/modm/ui/menu/standard_menu.hpp</destination>
    <time>76.081 ms</time>
  </operation>
  <operation>
    <module>modm:ui:menu</module>
    <source>../../../../taproot/modm/src/modm/ui/menu/standard_menu_impl.hpp</source>
    <destination>modm/src/modm/ui/menu/standard_menu_impl.hpp</destination>
    <time>86.740 ms</time>
  </operation>
  <operation>
    <module>modm:ui:menu</module>
    <source>../../../../taproot/modm/src/modm/ui/menu/view_stack.hpp</source>
    <destination>modm/src/modm/ui/menu/view_stack.hpp</destination>
    <time>77.112 ms</time>
  </operation>
  <operation>
    <module>modm:utils</module>
    <source>../../../../taproot/modm/src/modm/utils/aligned_storage.hpp</source>
    <destination>modm/src/modm/utils/aligned_storage.hpp</destination>
    <time>68.066 ms</time>
  </operation>
  <operation>
    <module>modm:utils</module>
    <source>../../../../taproot/modm/src/modm/utils/allocator.hpp</source>
    <destination>modm/src/modm/utils/allocator.hpp</destination>
    <time>66.946 ms</time>
  </operation>
  <operation>
    <module>modm:utils</module>
    <source>../../../../taproot/modm/src/modm/utils/allocator/allocator_base.hpp</source>
    <destination>modm/src/modm/utils/allocator/allocator_base.hpp</destination>
    <time>85.169 ms</time>
  </operation>
  <operation>
    <module>modm:utils</module>
    <source>../../../../taproot/modm/src/modm/utils/allocator/block.hpp</source>
    <destination>modm/src/modm/utils/allocator/block.hpp</destination>
    <time>80.125 ms</time>
  </operation>
  <operation>
    <module>modm:utils</module>
    <source>../../../../taproot/modm/src/modm/utils/allocator/dynamic.hpp</source>
    <destination>modm/src/modm/utils/allocator/dynamic.hpp</destination>
    <time>76.688 ms</time>
  </operation>
  <operation>
    <module>modm:utils</module>
    <source>../../../../taproot/modm/src/modm/utils/allocator/static.hpp</source>
    <destination>modm/src/modm/utils/allocator/static.hpp</destination>
    <time>76.515 ms</time>
  </operation>
  <operation>
    <module>modm:utils</module>
    <source>../../../../taproot/modm/src/modm/utils/dummy.cpp</source>
    <destination>modm/src/modm/utils/dummy.cpp</destination>
    <time>73.007 ms</time>
  </operation>
  <operation>
    <module>modm:utils</module>
    <source>../../../../taproot/modm/src/modm/utils/dummy.hpp</source>
    <destination>modm/src/modm/utils/dummy.hpp</destination>
    <time>69.944 ms</time>
  </operation>
  <operation>
    <module>modm:utils</module>
    <source>../../../../taproot/modm/src/modm/utils/inplace_any.hpp</source>
    <destination>modm/src/modm/utils/inplace_any.hpp</destination>
    <time>67.852 ms</time>
  </operation>
  <operation>
    <module>modm:utils</module>
    <source>../../../../taproot/modm/src/modm/utils/inplace_function.hpp</source>
    <destination>modm/src/modm/utils/inplace_function.hpp</destination>
    <time>62.868 ms</time>
  </operation>
  <operation>
    <module>modm:utils</module>
    <source>../../../../taproot/modm/src/modm/utils/type_traits.hpp</source>
    <destination>modm/src/modm/utils/type_traits.hpp</destination>
    <time>64.919 ms</time>
  </operation>
  <operation>
    <module>modm:utils</module>
    <source>../../../../taproot/modm/src/modm/utils/utils.hpp</source>
    <destination>modm/src/modm/utils.hpp</destination>
    <time>63.197 ms</time>
  </operation>
</buildlog>
